# JRE version: OpenJDK Runtime Environment Temurin-21.0.9+10 (21.0.9+10) (build 21.0.9+10-LTS)
# Java VM: OpenJDK 64-Bit Server VM Temurin-21.0.9+10 (21.0.9+10-LTS, mixed mode, sharing, tiered, compressed oops, compressed class ptrs, parallel gc, windows-amd64)
GC Precious Log:
 CardTable entry size: 512
 CPUs: 8 total, 8 available
 Memory: 16265M
 Large Page Support: Disabled
 NUMA Support: Disabled
 Compressed Oops: Enabled (32-bit)
 Alignments: Space 512K, Generation 512K, Heap 2M
 Heap Min Capacity: 100M
 Heap Initial Capacity: 100M
 Heap Max Capacity: 2G
 Pre-touch: Disabled
 Parallel Workers: 8
Heap:
 PSYoungGen      total 13312K, used 11000K [0x00000000d5580000, 0x00000000d6500000, 0x0000000100000000)
  eden space 12288K, 81% used [0x00000000d5580000,0x00000000d5f42d20,0x00000000d6180000)
  from space 1024K, 98% used [0x00000000d6300000,0x00000000d63fb668,0x00000000d6400000)
  to   space 1024K, 0% used [0x00000000d6400000,0x00000000d6400000,0x00000000d6500000)
 ParOldGen       total 68608K, used 49936K [0x0000000080000000, 0x0000000084300000, 0x00000000d5580000)
  object space 68608K, 72% used [0x0000000080000000,0x00000000830c4378,0x0000000084300000)
 Metaspace       used 67285K, committed 68672K, reserved 1114112K
  class space    used 7238K, committed 7872K, reserved 1048576K
GC Heap History (20 events):
Event: 2320.020 GC heap before
{Heap before GC invocations=43 (full 3):
 PSYoungGen      total 13824K, used 12512K [0x00000000d5580000, 0x00000000d6880000, 0x0000000100000000)
  eden space 12288K, 100% used [0x00000000d5580000,0x00000000d6180000,0x00000000d6180000)
  from space 1536K, 14% used [0x00000000d6600000,0x00000000d6638000,0x00000000d6780000)
  to   space 1024K, 0% used [0x00000000d6780000,0x00000000d6780000,0x00000000d6880000)
 ParOldGen       total 68608K, used 41499K [0x0000000080000000, 0x0000000084300000, 0x00000000d5580000)
  object space 68608K, 60% used [0x0000000080000000,0x0000000082886e38,0x0000000084300000)
 Metaspace       used 63509K, committed 64896K, reserved 1114112K
  class space    used 6939K, committed 7552K, reserved 1048576K
}
Event: 2320.022 GC heap after
{Heap after GC invocations=43 (full 3):
 PSYoungGen      total 13312K, used 720K [0x00000000d5580000, 0x00000000d6880000, 0x0000000100000000)
  eden space 12288K, 0% used [0x00000000d5580000,0x00000000d5580000,0x00000000d6180000)
  from space 1024K, 70% used [0x00000000d6780000,0x00000000d6834010,0x00000000d6880000)
  to   space 1024K, 0% used [0x00000000d6680000,0x00000000d6680000,0x00000000d6780000)
 ParOldGen       total 68608K, used 41523K [0x0000000080000000, 0x0000000084300000, 0x00000000d5580000)
  object space 68608K, 60% used [0x0000000080000000,0x000000008288ce38,0x0000000084300000)
 Metaspace       used 63509K, committed 64896K, reserved 1114112K
  class space    used 6939K, committed 7552K, reserved 1048576K
}
Event: 2321.241 GC heap before
{Heap before GC invocations=44 (full 3):
 PSYoungGen      total 13312K, used 12890K [0x00000000d5580000, 0x00000000d6880000, 0x0000000100000000)
  eden space 12288K, 99% used [0x00000000d5580000,0x00000000d6162a88,0x00000000d6180000)
  from space 1024K, 70% used [0x00000000d6780000,0x00000000d6834010,0x00000000d6880000)
  to   space 1024K, 0% used [0x00000000d6680000,0x00000000d6680000,0x00000000d6780000)
 ParOldGen       total 68608K, used 41523K [0x0000000080000000, 0x0000000084300000, 0x00000000d5580000)
  object space 68608K, 60% used [0x0000000080000000,0x000000008288ce38,0x0000000084300000)
 Metaspace       used 63789K, committed 65152K, reserved 1114112K
  class space    used 6961K, committed 7552K, reserved 1048576K
}
Event: 2321.242 GC heap after
{Heap after GC invocations=44 (full 3):
 PSYoungGen      total 13312K, used 352K [0x00000000d5580000, 0x00000000d6800000, 0x0000000100000000)
  eden space 12288K, 0% used [0x00000000d5580000,0x00000000d5580000,0x00000000d6180000)
  from space 1024K, 34% used [0x00000000d6680000,0x00000000d66d8010,0x00000000d6780000)
  to   space 512K, 0% used [0x00000000d6780000,0x00000000d6780000,0x00000000d6800000)
 ParOldGen       total 68608K, used 41763K [0x0000000080000000, 0x0000000084300000, 0x00000000d5580000)
  object space 68608K, 60% used [0x0000000080000000,0x00000000828c8e38,0x0000000084300000)
 Metaspace       used 63789K, committed 65152K, reserved 1114112K
  class space    used 6961K, committed 7552K, reserved 1048576K
}
Event: 2321.364 GC heap before
{Heap before GC invocations=45 (full 3):
 PSYoungGen      total 13312K, used 12640K [0x00000000d5580000, 0x00000000d6800000, 0x0000000100000000)
  eden space 12288K, 100% used [0x00000000d5580000,0x00000000d6180000,0x00000000d6180000)
  from space 1024K, 34% used [0x00000000d6680000,0x00000000d66d8010,0x00000000d6780000)
  to   space 512K, 0% used [0x00000000d6780000,0x00000000d6780000,0x00000000d6800000)
 ParOldGen       total 68608K, used 41763K [0x0000000080000000, 0x0000000084300000, 0x00000000d5580000)
  object space 68608K, 60% used [0x0000000080000000,0x00000000828c8e38,0x0000000084300000)
 Metaspace       used 64227K, committed 65600K, reserved 1114112K
  class space    used 6997K, committed 7616K, reserved 1048576K
}
Event: 2321.366 GC heap after
{Heap after GC invocations=45 (full 3):
 PSYoungGen      total 12800K, used 512K [0x00000000d5580000, 0x00000000d6800000, 0x0000000100000000)
  eden space 12288K, 0% used [0x00000000d5580000,0x00000000d5580000,0x00000000d6180000)
  from space 512K, 100% used [0x00000000d6780000,0x00000000d6800000,0x00000000d6800000)
  to   space 1536K, 0% used [0x00000000d6500000,0x00000000d6500000,0x00000000d6680000)
 ParOldGen       total 68608K, used 42411K [0x0000000080000000, 0x0000000084300000, 0x00000000d5580000)
  object space 68608K, 61% used [0x0000000080000000,0x000000008296ae68,0x0000000084300000)
 Metaspace       used 64227K, committed 65600K, reserved 1114112K
  class space    used 6997K, committed 7616K, reserved 1048576K
}
Event: 2321.749 GC heap before
{Heap before GC invocations=46 (full 3):
 PSYoungGen      total 12800K, used 12800K [0x00000000d5580000, 0x00000000d6800000, 0x0000000100000000)
  eden space 12288K, 100% used [0x00000000d5580000,0x00000000d6180000,0x00000000d6180000)
  from space 512K, 100% used [0x00000000d6780000,0x00000000d6800000,0x00000000d6800000)
  to   space 1536K, 0% used [0x00000000d6500000,0x00000000d6500000,0x00000000d6680000)
 ParOldGen       total 68608K, used 42411K [0x0000000080000000, 0x0000000084300000, 0x00000000d5580000)
  object space 68608K, 61% used [0x0000000080000000,0x000000008296ae68,0x0000000084300000)
 Metaspace       used 65532K, committed 66944K, reserved 1114112K
  class space    used 7108K, committed 7744K, reserved 1048576K
}
Event: 2321.753 GC heap after
{Heap after GC invocations=46 (full 3):
 PSYoungGen      total 13824K, used 1454K [0x00000000d5580000, 0x00000000d6800000, 0x0000000100000000)
  eden space 12288K, 0% used [0x00000000d5580000,0x00000000d5580000,0x00000000d6180000)
  from space 1536K, 94% used [0x00000000d6500000,0x00000000d666ba00,0x00000000d6680000)
  to   space 1536K, 0% used [0x00000000d6680000,0x00000000d6680000,0x00000000d6800000)
 ParOldGen       total 68608K, used 42935K [0x0000000080000000, 0x0000000084300000, 0x00000000d5580000)
  object space 68608K, 62% used [0x0000000080000000,0x00000000829edfd8,0x0000000084300000)
 Metaspace       used 65532K, committed 66944K, reserved 1114112K
  class space    used 7108K, committed 7744K, reserved 1048576K
}
Event: 2329.227 GC heap before
{Heap before GC invocations=47 (full 3):
 PSYoungGen      total 13824K, used 13742K [0x00000000d5580000, 0x00000000d6800000, 0x0000000100000000)
  eden space 12288K, 100% used [0x00000000d5580000,0x00000000d6180000,0x00000000d6180000)
  from space 1536K, 94% used [0x00000000d6500000,0x00000000d666ba00,0x00000000d6680000)
  to   space 1536K, 0% used [0x00000000d6680000,0x00000000d6680000,0x00000000d6800000)
 ParOldGen       total 68608K, used 42935K [0x0000000080000000, 0x0000000084300000, 0x00000000d5580000)
  object space 68608K, 62% used [0x0000000080000000,0x00000000829edfd8,0x0000000084300000)
 Metaspace       used 65837K, committed 67200K, reserved 1114112K
  class space    used 7144K, committed 7744K, reserved 1048576K
}
Event: 2329.230 GC heap after
{Heap after GC invocations=47 (full 3):
 PSYoungGen      total 13824K, used 1042K [0x00000000d5580000, 0x00000000d6800000, 0x0000000100000000)
  eden space 12288K, 0% used [0x00000000d5580000,0x00000000d5580000,0x00000000d6180000)
  from space 1536K, 67% used [0x00000000d6680000,0x00000000d6784b70,0x00000000d6800000)
  to   space 1536K, 0% used [0x00000000d6500000,0x00000000d6500000,0x00000000d6680000)
 ParOldGen       total 68608K, used 44350K [0x0000000080000000, 0x0000000084300000, 0x00000000d5580000)
  object space 68608K, 64% used [0x0000000080000000,0x0000000082b4f8e0,0x0000000084300000)
 Metaspace       used 65837K, committed 67200K, reserved 1114112K
  class space    used 7144K, committed 7744K, reserved 1048576K
}
Event: 2329.928 GC heap before
{Heap before GC invocations=48 (full 3):
 PSYoungGen      total 13824K, used 13330K [0x00000000d5580000, 0x00000000d6800000, 0x0000000100000000)
  eden space 12288K, 100% used [0x00000000d5580000,0x00000000d6180000,0x00000000d6180000)
  from space 1536K, 67% used [0x00000000d6680000,0x00000000d6784b70,0x00000000d6800000)
  to   space 1536K, 0% used [0x00000000d6500000,0x00000000d6500000,0x00000000d6680000)
 ParOldGen       total 68608K, used 44350K [0x0000000080000000, 0x0000000084300000, 0x00000000d5580000)
  object space 68608K, 64% used [0x0000000080000000,0x0000000082b4f8e0,0x0000000084300000)
 Metaspace       used 65891K, committed 67264K, reserved 1114112K
  class space    used 7146K, committed 7744K, reserved 1048576K
}
Event: 2329.929 GC heap after
{Heap after GC invocations=48 (full 3):
 PSYoungGen      total 13312K, used 560K [0x00000000d5580000, 0x00000000d6700000, 0x0000000100000000)
  eden space 12288K, 0% used [0x00000000d5580000,0x00000000d5580000,0x00000000d6180000)
  from space 1024K, 54% used [0x00000000d6500000,0x00000000d658c030,0x00000000d6600000)
  to   space 1024K, 0% used [0x00000000d6600000,0x00000000d6600000,0x00000000d6700000)
 ParOldGen       total 68608K, used 45003K [0x0000000080000000, 0x0000000084300000, 0x00000000d5580000)
  object space 68608K, 65% used [0x0000000080000000,0x0000000082bf2cf0,0x0000000084300000)
 Metaspace       used 65891K, committed 67264K, reserved 1114112K
  class space    used 7146K, committed 7744K, reserved 1048576K
}
Event: 2330.204 GC heap before
{Heap before GC invocations=49 (full 3):
 PSYoungGen      total 13312K, used 12847K [0x00000000d5580000, 0x00000000d6700000, 0x0000000100000000)
  eden space 12288K, 99% used [0x00000000d5580000,0x00000000d617ffa0,0x00000000d6180000)
  from space 1024K, 54% used [0x00000000d6500000,0x00000000d658c030,0x00000000d6600000)
  to   space 1024K, 0% used [0x00000000d6600000,0x00000000d6600000,0x00000000d6700000)
 ParOldGen       total 68608K, used 45003K [0x0000000080000000, 0x0000000084300000, 0x00000000d5580000)
  object space 68608K, 65% used [0x0000000080000000,0x0000000082bf2cf0,0x0000000084300000)
 Metaspace       used 66159K, committed 67520K, reserved 1114112K
  class space    used 7148K, committed 7744K, reserved 1048576K
}
Event: 2330.206 GC heap after
{Heap after GC invocations=49 (full 3):
 PSYoungGen      total 13312K, used 1024K [0x00000000d5580000, 0x00000000d6700000, 0x0000000100000000)
  eden space 12288K, 0% used [0x00000000d5580000,0x00000000d5580000,0x00000000d6180000)
  from space 1024K, 100% used [0x00000000d6600000,0x00000000d6700000,0x00000000d6700000)
  to   space 2560K, 0% used [0x00000000d6200000,0x00000000d6200000,0x00000000d6480000)
 ParOldGen       total 68608K, used 46226K [0x0000000080000000, 0x0000000084300000, 0x00000000d5580000)
  object space 68608K, 67% used [0x0000000080000000,0x0000000082d248f0,0x0000000084300000)
 Metaspace       used 66159K, committed 67520K, reserved 1114112K
  class space    used 7148K, committed 7744K, reserved 1048576K
}
Event: 2330.319 GC heap before
{Heap before GC invocations=50 (full 3):
 PSYoungGen      total 13312K, used 13312K [0x00000000d5580000, 0x00000000d6700000, 0x0000000100000000)
  eden space 12288K, 100% used [0x00000000d5580000,0x00000000d6180000,0x00000000d6180000)
  from space 1024K, 100% used [0x00000000d6600000,0x00000000d6700000,0x00000000d6700000)
  to   space 2560K, 0% used [0x00000000d6200000,0x00000000d6200000,0x00000000d6480000)
 ParOldGen       total 68608K, used 46226K [0x0000000080000000, 0x0000000084300000, 0x00000000d5580000)
  object space 68608K, 67% used [0x0000000080000000,0x0000000082d248f0,0x0000000084300000)
 Metaspace       used 66252K, committed 67584K, reserved 1114112K
  class space    used 7153K, committed 7744K, reserved 1048576K
}
Event: 2330.323 GC heap after
{Heap after GC invocations=50 (full 3):
 PSYoungGen      total 14848K, used 1696K [0x00000000d5580000, 0x00000000d6680000, 0x0000000100000000)
  eden space 12288K, 0% used [0x00000000d5580000,0x00000000d5580000,0x00000000d6180000)
  from space 2560K, 66% used [0x00000000d6200000,0x00000000d63a8020,0x00000000d6480000)
  to   space 2048K, 0% used [0x00000000d6480000,0x00000000d6480000,0x00000000d6680000)
 ParOldGen       total 68608K, used 47238K [0x0000000080000000, 0x0000000084300000, 0x00000000d5580000)
  object space 68608K, 68% used [0x0000000080000000,0x0000000082e21be0,0x0000000084300000)
 Metaspace       used 66252K, committed 67584K, reserved 1114112K
  class space    used 7153K, committed 7744K, reserved 1048576K
}
Event: 2330.586 GC heap before
{Heap before GC invocations=51 (full 3):
 PSYoungGen      total 14848K, used 13984K [0x00000000d5580000, 0x00000000d6680000, 0x0000000100000000)
  eden space 12288K, 100% used [0x00000000d5580000,0x00000000d6180000,0x00000000d6180000)
  from space 2560K, 66% used [0x00000000d6200000,0x00000000d63a8020,0x00000000d6480000)
  to   space 2048K, 0% used [0x00000000d6480000,0x00000000d6480000,0x00000000d6680000)
 ParOldGen       total 68608K, used 47238K [0x0000000080000000, 0x0000000084300000, 0x00000000d5580000)
  object space 68608K, 68% used [0x0000000080000000,0x0000000082e21be0,0x0000000084300000)
 Metaspace       used 66554K, committed 68032K, reserved 1114112K
  class space    used 7158K, committed 7808K, reserved 1048576K
}
Event: 2330.588 GC heap after
{Heap after GC invocations=51 (full 3):
 PSYoungGen      total 13824K, used 1323K [0x00000000d5580000, 0x00000000d6600000, 0x0000000100000000)
  eden space 12288K, 0% used [0x00000000d5580000,0x00000000d5580000,0x00000000d6180000)
  from space 1536K, 86% used [0x00000000d6480000,0x00000000d65cacc8,0x00000000d6600000)
  to   space 1536K, 0% used [0x00000000d6300000,0x00000000d6300000,0x00000000d6480000)
 ParOldGen       total 68608K, used 48744K [0x0000000080000000, 0x0000000084300000, 0x00000000d5580000)
  object space 68608K, 71% used [0x0000000080000000,0x0000000082f9a200,0x0000000084300000)
 Metaspace       used 66554K, committed 68032K, reserved 1114112K
  class space    used 7158K, committed 7808K, reserved 1048576K
}
Event: 2336.375 GC heap before
{Heap before GC invocations=52 (full 3):
 PSYoungGen      total 13824K, used 13611K [0x00000000d5580000, 0x00000000d6600000, 0x0000000100000000)
  eden space 12288K, 100% used [0x00000000d5580000,0x00000000d6180000,0x00000000d6180000)
  from space 1536K, 86% used [0x00000000d6480000,0x00000000d65cacc8,0x00000000d6600000)
  to   space 1536K, 0% used [0x00000000d6300000,0x00000000d6300000,0x00000000d6480000)
 ParOldGen       total 68608K, used 48744K [0x0000000080000000, 0x0000000084300000, 0x00000000d5580000)
  object space 68608K, 71% used [0x0000000080000000,0x0000000082f9a200,0x0000000084300000)
 Metaspace       used 67062K, committed 68480K, reserved 1114112K
  class space    used 7217K, committed 7872K, reserved 1048576K
}
Event: 2336.377 GC heap after
{Heap after GC invocations=52 (full 3):
 PSYoungGen      total 13312K, used 1005K [0x00000000d5580000, 0x00000000d6500000, 0x0000000100000000)
  eden space 12288K, 0% used [0x00000000d5580000,0x00000000d5580000,0x00000000d6180000)
  from space 1024K, 98% used [0x00000000d6300000,0x00000000d63fb668,0x00000000d6400000)
  to   space 1024K, 0% used [0x00000000d6400000,0x00000000d6400000,0x00000000d6500000)
 ParOldGen       total 68608K, used 49936K [0x0000000080000000, 0x0000000084300000, 0x00000000d5580000)
  object space 68608K, 72% used [0x0000000080000000,0x00000000830c4378,0x0000000084300000)
 Metaspace       used 67062K, committed 68480K, reserved 1114112K
  class space    used 7217K, committed 7872K, reserved 1048576K
}

